#auto generated file!
180.0;75;146;179
186.0;79;150;171
192.0;78;154;168
198.0;78;153;169
204.0;76;155;169
210.0;77;155;168
216.0;81;152;167
222.0;81;153;166
228.0;81;151;168
234.0;82;153;165
240.0;85;155;160
246.0;85;151;164
252.0;86;156;158
258.0;89;155;156
264.0;92;154;154
270.0;95;154;151
276.0;96;154;150
282.0;99;153;148
288.0;100;153;147
294.0;100;159;141
300.0;101;157;142
306.0;99;159;142
312.0;100;158;142
318.0;99;158;143
324.0;98;159;143
330.0;100;156;144
336.0;102;155;143
342.0;104;155;141
348.0;103;153;144
354.0;103;155;142
360.0;102;154;144
366.0;103;155;142
372.0;100;154;146
378.0;102;154;144
384.0;103;151;146
390.0;104;154;142
396.0;102;154;144
402.0;104;151;145
408.0;102;150;148
414.0;105;151;144
420.0;104;157;139
426.0;102;158;140
432.0;103;161;136
438.0;101;162;137
444.0;102;161;137
450.0;102;162;136
456.0;102;162;136
462.0;101;158;141
468.0;102;155;143
474.0;102;156;142
480.0;102;157;141
486.0;99;156;145
492.0;97;157;146
498.0;94;158;148
504.0;96;156;148
510.0;96;155;149
516.0;95;157;148
522.0;95;155;150
528.0;95;158;147
534.0;94;161;145
540.0;93;161;146
546.0;95;162;143
552.0;96;159;145
558.0;98;160;142
564.0;101;160;139
570.0;105;162;133
576.0;105;162;133
582.0;103;161;136
588.0;106;157;137
594.0;106;159;135
600.0;108;159;133
606.0;108;162;130
612.0;109;160;131
618.0;108;159;133
624.0;109;158;133
630.0;111;156;133
636.0;112;152;136
642.0;111;156;133
648.0;111;158;131
654.0;112;160;128
660.0;115;161;124
666.0;116;157;127
672.0;114;161;125
678.0;115;159;126
684.0;114;159;127
690.0;116;159;125
696.0;117;156;127
702.0;116;160;124
708.0;114;166;120
714.0;114;164;122
720.0;118;161;121
726.0;116;159;125
732.0;116;159;125
738.0;117;159;124
744.0;118;156;126
750.0;118;155;127
756.0;118;158;124
762.0;121;157;122
768.0;121;158;121
774.0;122;153;125
780.0;123;151;126
786.0;124;150;126
792.0;123;151;126
798.0;123;153;124
804.0;125;151;124
810.0;123;153;124
816.0;126;149;125
822.0;127;147;126
828.0;127;147;126
834.0;127;148;125
840.0;127;146;127
846.0;128;148;124
852.0;127;149;124
858.0;128;149;123
864.0;129;152;119
870.0;127;152;121
876.0;126;152;122
882.0;126;153;121
888.0;126;151;123
894.0;124;153;123
900.0;124;152;124
906.0;124;154;122
912.0;125;152;123
918.0;128;150;122
924.0;127;149;124
930.0;129;149;122
936.0;129;149;122
942.0;129;150;121
948.0;129;149;122
954.0;129;150;121
960.0;126;152;122
966.0;129;153;118
972.0;131;154;115
978.0;130;156;114
984.0;130;155;115
990.0;130;151;119
996.0;129;150;121
1002.0;130;147;123
1008.0;131;147;122
1014.0;134;150;116
1020.0;133;150;117
1026.0;131;151;118
1032.0;133;153;114
1038.0;133;154;113
1044.0;132;159;109
1050.0;131;157;112
1056.0;132;155;113
1062.0;131;159;110
1068.0;133;157;110
1074.0;134;157;109
1080.0;130;158;112
1086.0;127;163;110
1092.0;126;162;112
1098.0;125;162;113
1104.0;124;162;114
1110.0;127;162;111
1116.0;127;160;113
1122.0;126;158;116
1128.0;124;154;122
1134.0;123;151;126
1140.0;121;150;129
1146.0;123;151;126
1152.0;124;147;129
1158.0;127;147;126
1164.0;129;147;124
1170.0;130;146;124
1176.0;131;143;126
1182.0;133;141;126
1188.0;129;144;127
1194.0;128;140;132
1200.0;125;141;134
1206.0;125;144;131
1212.0;122;143;135
1218.0;119;144;137
1224.0;118;146;136
1230.0;120;147;133
1236.0;118;144;138
1242.0;118;145;137
1248.0;120;145;135
1254.0;119;144;137
1260.0;117;146;137
1266.0;117;146;137
1272.0;117;146;137
1278.0;114;147;139
1284.0;116;147;137
1290.0;114;146;140
1296.0;116;145;139
1302.0;117;148;135
1308.0;118;148;134
1314.0;119;148;133
1320.0;119;146;135
1326.0;115;148;137
1332.0;115;149;136
1338.0;116;148;136
1344.0;115;150;135
1350.0;114;152;134
1356.0;112;154;134
1362.0;114;160;126
1368.0;114;160;126
1374.0;114;156;130
1380.0;114;157;129
1386.0;114;156;130
1392.0;114;158;128
1398.0;117;158;125
1404.0;118;156;126
1410.0;120;154;126
1416.0;119;156;125
1422.0;120;156;124
1428.0;119;154;127
1434.0;120;153;127
1440.0;117;154;129
1446.0;118;155;127
1452.0;116;156;128
1458.0;118;156;126
1464.0;118;154;128
1470.0;117;155;128
1476.0;119;153;128
1482.0;121;153;126
1488.0;122;150;128
1494.0;122;150;128
1500.0;122;150;128
1506.0;123;149;128
1512.0;126;150;124
1518.0;127;151;122
1524.0;128;148;124
1530.0;126;145;129
1536.0;122;147;131
1542.0;123;143;134
1548.0;123;146;131
1554.0;123;151;126
1560.0;122;151;127
1566.0;119;154;127
1572.0;119;154;127
1578.0;123;152;125
1584.0;124;152;124
1590.0;126;150;124
1596.0;128;151;121
1602.0;126;152;122
1608.0;126;150;124
1614.0;124;153;123
1620.0;129;152;119
1626.0;131;154;115
1632.0;132;154;114
1638.0;132;154;114
1644.0;133;156;111
1650.0;133;157;110
1656.0;130;159;111
1662.0;129;159;112
1668.0;126;161;113
1674.0;122;162;116
1680.0;123;162;115
1686.0;125;163;112
1692.0;124;158;118
1698.0;125;158;117
1704.0;125;156;119
1710.0;123;156;121
1716.0;124;156;120
1722.0;123;156;121
1728.0;122;155;123
1734.0;120;157;123
1740.0;120;156;124
1746.0;124;154;122
1752.0;124;154;122
1758.0;124;152;124
1764.0;123;153;124
1770.0;123;154;123
1776.0;123;157;120
1782.0;121;158;121
1788.0;119;160;121
1794.0;118;161;121
