#auto generated file!
180.0;268;452;480
186.0;274;454;472
192.0;275;452;473
198.0;279;453;468
204.0;280;458;462
210.0;281;464;455
216.0;282;474;444
222.0;287;477;436
228.0;287;479;434
234.0;290;481;429
240.0;294;484;422
246.0;292;475;433
252.0;289;483;428
258.0;288;486;426
264.0;290;483;427
270.0;296;485;419
276.0;304;487;409
282.0;307;482;411
288.0;308;479;413
294.0;308;476;416
300.0;306;483;411
306.0;309;473;418
312.0;309;474;417
318.0;307;466;427
324.0;315;469;416
330.0;313;462;425
336.0;313;460;427
342.0;320;463;417
348.0;324;462;414
354.0;325;459;416
360.0;327;458;415
366.0;330;463;407
372.0;331;473;396
378.0;327;473;400
384.0;327;473;400
390.0;324;475;401
396.0;324;471;405
402.0;328;471;401
408.0;328;471;401
414.0;328;479;393
420.0;326;479;395
426.0;333;477;390
432.0;334;469;397
438.0;338;468;394
444.0;340;460;400
450.0;340;457;403
456.0;341;451;408
462.0;337;454;409
468.0;342;455;403
474.0;343;458;399
480.0;337;457;406
486.0;337;455;408
492.0;334;455;411
498.0;335;458;407
504.0;339;455;406
510.0;339;456;405
516.0;336;454;410
522.0;339;450;411
528.0;340;449;411
534.0;343;450;407
540.0;342;453;405
546.0;346;453;401
552.0;351;452;397
558.0;352;450;398
564.0;351;445;404
570.0;351;452;397
576.0;352;447;401
582.0;352;449;399
588.0;350;448;402
594.0;348;448;404
600.0;349;453;398
606.0;351;453;396
612.0;358;457;385
618.0;355;458;387
624.0;352;460;388
630.0;354;459;387
636.0;349;461;390
642.0;358;465;377
648.0;359;459;382
654.0;358;457;385
660.0;356;448;396
666.0;358;443;399
672.0;357;439;404
678.0;356;445;399
684.0;360;449;391
690.0;364;449;387
696.0;369;449;382
702.0;369;451;380
708.0;367;450;383
714.0;368;452;380
720.0;371;452;377
726.0;365;452;383
732.0;362;447;391
738.0;358;450;392
744.0;367;449;384
750.0;364;450;386
756.0;364;449;387
762.0;364;450;386
768.0;365;443;392
774.0;369;441;390
780.0;376;441;383
786.0;379;442;379
792.0;377;443;380
798.0;379;448;373
804.0;379;446;375
810.0;377;450;373
816.0;377;448;375
822.0;378;446;376
828.0;379;445;376
834.0;384;441;375
840.0;377;442;381
846.0;378;441;381
852.0;382;441;377
858.0;378;440;382
864.0;379;438;383
870.0;378;435;387
876.0;380;434;386
882.0;375;431;394
888.0;371;434;395
894.0;371;434;395
900.0;371;431;398
906.0;372;438;390
912.0;378;441;381
918.0;379;446;375
924.0;376;451;373
930.0;378;449;373
936.0;381;452;367
942.0;385;450;365
948.0;387;446;367
954.0;386;442;372
960.0;385;439;376
966.0;384;437;379
972.0;386;433;381
978.0;377;433;390
984.0;373;434;393
990.0;376;431;393
996.0;377;427;396
1002.0;372;426;402
1008.0;371;427;402
1014.0;377;426;397
1020.0;378;431;391
1026.0;376;437;387
1032.0;374;441;385
1038.0;373;439;388
1044.0;377;443;380
1050.0;374;447;379
1056.0;376;449;375
1062.0;377;445;378
1068.0;379;442;379
1074.0;380;442;378
1080.0;383;442;375
1086.0;386;445;369
1092.0;385;449;366
1098.0;387;442;371
1104.0;387;437;376
1110.0;388;445;367
1116.0;390;445;365
1122.0;387;444;369
1128.0;384;450;366
1134.0;387;445;368
1140.0;387;445;368
1146.0;387;445;368
1152.0;388;444;368
1158.0;387;447;366
1164.0;393;442;365
1170.0;386;441;373
1176.0;388;441;371
1182.0;387;439;374
1188.0;388;438;374
1194.0;387;443;370
1200.0;385;440;375
1206.0;384;442;374
1212.0;386;436;378
1218.0;381;442;377
1224.0;380;440;380
1230.0;379;438;383
1236.0;374;437;389
1242.0;372;435;393
1248.0;371;432;397
1254.0;372;428;400
1260.0;370;434;396
1266.0;374;437;389
1272.0;378;439;383
1278.0;379;437;384
1284.0;381;435;384
1290.0;380;438;382
1296.0;380;433;387
1302.0;382;439;379
1308.0;384;441;375
1314.0;385;441;374
1320.0;379;443;378
1326.0;376;449;375
1332.0;375;446;379
1338.0;377;450;373
1344.0;378;461;361
1350.0;378;460;362
1356.0;379;450;371
1362.0;376;449;375
1368.0;374;449;377
1374.0;373;447;380
1380.0;374;450;376
1386.0;368;444;388
1392.0;364;448;388
1398.0;366;442;392
1404.0;368;447;385
1410.0;369;452;379
1416.0;372;447;381
1422.0;374;448;378
1428.0;374;447;379
1434.0;376;450;374
1440.0;380;443;377
1446.0;382;437;381
1452.0;383;434;383
1458.0;385;438;377
1464.0;383;436;381
1470.0;384;435;381
1476.0;379;438;383
1482.0;379;440;381
1488.0;383;446;371
1494.0;381;443;376
1500.0;377;444;379
1506.0;375;442;383
1512.0;378;446;376
1518.0;379;443;378
1524.0;376;448;376
1530.0;374;446;380
1536.0;377;440;383
1542.0;376;444;380
1548.0;379;447;374
1554.0;378;448;374
1560.0;378;452;370
1566.0;381;446;373
1572.0;377;446;377
1578.0;374;453;373
1584.0;376;450;374
1590.0;375;459;366
1596.0;371;457;372
1602.0;367;459;374
1608.0;367;458;375
1614.0;373;456;371
1620.0;372;455;373
1626.0;377;447;376
1632.0;382;447;371
1638.0;380;451;369
1644.0;383;447;370
1650.0;386;444;370
1656.0;388;438;374
1662.0;389;439;372
1668.0;390;439;371
1674.0;397;439;364
1680.0;393;439;368
1686.0;394;433;373
1692.0;398;432;370
1698.0;400;428;372
1704.0;397;429;374
1710.0;398;429;373
1716.0;400;430;370
1722.0;402;434;364
1728.0;402;432;366
1734.0;398;432;370
1740.0;400;433;367
1746.0;401;435;364
1752.0;400;436;364
1758.0;400;433;367
1764.0;398;439;363
1770.0;398;443;359
1776.0;403;437;360
1782.0;403;438;359
1788.0;408;434;358
1794.0;409;432;359
