#auto generated file!
180.0;283;501;516
186.0;286;501;513
192.0;289;500;511
198.0;298;496;506
204.0;298;490;512
210.0;304;491;505
216.0;307;492;501
222.0;311;495;494
228.0;308;494;498
234.0;308;509;483
240.0;309;512;479
246.0;312;514;474
252.0;309;510;481
258.0;309;512;479
264.0;313;516;471
270.0;309;520;471
276.0;305;523;472
282.0;305;522;473
288.0;304;524;472
294.0;305;524;471
300.0;309;517;474
306.0;312;521;467
312.0;315;521;464
318.0;321;515;464
324.0;322;522;456
330.0;325;529;446
336.0;326;531;443
342.0;326;526;448
348.0;325;530;445
354.0;323;533;444
360.0;325;531;444
366.0;330;533;437
372.0;322;540;438
378.0;324;542;434
384.0;324;544;432
390.0;328;544;428
396.0;328;540;432
402.0;335;538;427
408.0;341;539;420
414.0;343;535;422
420.0;344;538;418
426.0;340;536;424
432.0;343;535;422
438.0;343;540;417
444.0;344;540;416
450.0;347;539;414
456.0;347;550;403
462.0;345;545;410
468.0;348;542;410
474.0;346;539;415
480.0;347;533;420
486.0;348;533;419
492.0;346;533;421
498.0;351;531;418
504.0;352;534;414
510.0;351;533;416
516.0;352;537;411
522.0;351;544;405
528.0;350;536;414
534.0;355;531;414
540.0;354;531;415
546.0;352;532;416
552.0;354;532;414
558.0;362;532;406
564.0;362;529;409
570.0;365;530;405
576.0;360;532;408
582.0;362;523;415
588.0;362;520;418
594.0;357;521;422
600.0;358;519;423
606.0;360;527;413
612.0;360;528;412
618.0;362;527;411
624.0;363;533;404
630.0;359;537;404
636.0;360;532;408
642.0;357;538;405
648.0;360;538;402
654.0;359;537;404
660.0;361;531;408
666.0;361;527;412
672.0;365;521;414
678.0;365;521;414
684.0;370;516;414
690.0;366;521;413
696.0;370;514;416
702.0;371;516;413
708.0;371;519;410
714.0;377;522;401
720.0;377;518;405
726.0;381;513;406
732.0;380;511;409
738.0;385;509;406
744.0;386;505;409
750.0;389;503;408
756.0;394;501;405
762.0;391;502;407
768.0;391;507;402
774.0;393;501;406
780.0;394;504;402
786.0;398;498;404
792.0;400;499;401
798.0;405;494;401
804.0;403;493;404
810.0;403;492;405
816.0;403;496;401
822.0;402;496;402
828.0;405;495;400
834.0;405;496;399
840.0;403;499;398
846.0;402;497;401
852.0;401;493;406
858.0;397;492;411
864.0;398;496;406
870.0;396;491;413
876.0;394;490;416
882.0;393;500;407
888.0;391;494;415
894.0;393;486;421
900.0;394;489;417
906.0;396;489;415
912.0;397;486;417
918.0;396;492;412
924.0;395;493;412
930.0;396;492;412
936.0;398;490;412
942.0;396;491;413
948.0;403;495;402
954.0;402;494;404
960.0;405;497;398
966.0;400;498;402
972.0;403;495;402
978.0;401;493;406
984.0;406;494;400
990.0;409;491;400
996.0;407;489;404
1002.0;408;493;399
1008.0;405;490;405
1014.0;406;485;409
1020.0;403;488;409
1026.0;401;485;414
1032.0;403;484;413
1038.0;407;485;408
1044.0;406;477;417
1050.0;408;481;411
1056.0;411;481;408
1062.0;407;482;411
1068.0;402;492;406
1074.0;399;490;411
1080.0;399;483;418
1086.0;401;475;424
1092.0;401;473;426
1098.0;402;475;423
1104.0;403;477;420
1110.0;408;475;417
1116.0;411;470;419
1122.0;412;472;416
1128.0;411;472;417
1134.0;413;472;415
1140.0;416;471;413
1146.0;417;468;415
1152.0;415;473;412
1158.0;419;474;407
1164.0;422;474;404
1170.0;419;477;404
1176.0;420;483;397
1182.0;422;482;396
1188.0;421;485;394
1194.0;421;482;397
1200.0;419;484;397
1206.0;420;488;392
1212.0;414;493;393
1218.0;421;484;395
1224.0;425;477;398
1230.0;421;480;399
1236.0;421;480;399
1242.0;424;478;398
1248.0;426;475;399
1254.0;428;472;400
1260.0;433;471;396
1266.0;429;470;401
1272.0;428;469;403
1278.0;428;464;408
1284.0;431;459;410
1290.0;427;455;418
1296.0;428;457;415
1302.0;427;463;410
1308.0;431;463;406
1314.0;432;461;407
1320.0;431;460;409
1326.0;429;455;416
1332.0;428;459;413
1338.0;429;456;415
1344.0;428;464;408
1350.0;431;472;397
1356.0;429;473;398
1362.0;426;477;397
1368.0;426;473;401
1374.0;422;473;405
1380.0;421;472;407
1386.0;421;477;402
1392.0;421;483;396
1398.0;422;483;395
1404.0;425;473;402
1410.0;429;473;398
1416.0;426;476;398
1422.0;427;470;403
1428.0;423;473;404
1434.0;420;475;405
1440.0;419;472;409
1446.0;416;471;413
1452.0;412;471;417
1458.0;409;480;411
1464.0;406;478;416
1470.0;408;478;414
1476.0;409;476;415
1482.0;408;479;413
1488.0;405;474;421
1494.0;406;479;415
1500.0;405;480;415
1506.0;401;476;423
1512.0;400;485;415
1518.0;399;485;416
1524.0;401;493;406
1530.0;402;489;409
1536.0;403;493;404
1542.0;397;497;406
1548.0;400;492;408
1554.0;396;486;418
1560.0;399;486;415
1566.0;402;485;413
1572.0;400;487;413
1578.0;400;482;418
1584.0;395;484;421
1590.0;393;489;418
1596.0;397;486;417
1602.0;399;488;413
1608.0;399;484;417
1614.0;397;483;420
1620.0;394;489;417
1626.0;393;490;417
1632.0;392;484;424
1638.0;397;481;422
1644.0;395;477;428
1650.0;395;474;431
1656.0;400;473;427
1662.0;405;470;425
1668.0;404;472;424
1674.0;404;471;425
1680.0;405;471;424
1686.0;402;468;430
1692.0;399;473;428
1698.0;398;470;432
1704.0;391;478;431
1710.0;392;479;429
1716.0;393;482;425
1722.0;389;482;429
1728.0;386;482;432
1734.0;386;481;433
1740.0;391;479;430
1746.0;393;486;421
1752.0;396;483;421
1758.0;396;476;428
1764.0;396;474;430
1770.0;396;474;430
1776.0;400;475;425
1782.0;405;471;424
1788.0;408;473;419
1794.0;406;477;417
