#auto generated file!
180.0;282;534;584
186.0;285;543;572
192.0;288;541;571
198.0;289;542;569
204.0;295;542;563
210.0;294;550;556
216.0;300;548;552
222.0;302;548;550
228.0;300;560;540
234.0;299;558;543
240.0;306;559;535
246.0;311;565;524
252.0;314;566;520
258.0;312;566;522
264.0;316;566;518
270.0;320;572;508
276.0;319;569;512
282.0;322;571;507
288.0;328;577;495
294.0;330;572;498
300.0;327;576;497
306.0;332;574;494
312.0;332;570;498
318.0;333;573;494
324.0;331;580;489
330.0;332;578;490
336.0;341;578;481
342.0;345;573;482
348.0;351;570;479
354.0;353;569;478
360.0;355;562;483
366.0;353;563;484
372.0;352;561;487
378.0;355;561;484
384.0;355;559;486
390.0;355;556;489
396.0;356;552;492
402.0;358;557;485
408.0;357;549;494
414.0;358;550;492
420.0;359;549;492
426.0;362;549;489
432.0;366;550;484
438.0;367;548;485
444.0;367;554;479
450.0;371;555;474
456.0;370;556;474
462.0;372;561;467
468.0;373;557;470
474.0;375;560;465
480.0;379;553;468
486.0;382;552;466
492.0;379;555;466
498.0;377;554;469
504.0;379;558;463
510.0;379;556;465
516.0;377;559;464
522.0;381;557;462
528.0;380;552;468
534.0;383;551;466
540.0;383;550;467
546.0;382;552;466
552.0;380;549;471
558.0;379;555;466
564.0;377;558;465
570.0;381;560;459
576.0;385;564;451
582.0;390;561;449
588.0;391;562;447
594.0;390;564;446
600.0;389;568;443
606.0;389;569;442
612.0;392;568;440
618.0;392;565;443
624.0;395;564;441
630.0;401;555;444
636.0;399;557;444
642.0;403;559;438
648.0;408;555;437
654.0;409;547;444
660.0;409;549;442
666.0;408;555;437
672.0;407;558;435
678.0;402;564;434
684.0;403;556;441
690.0;401;552;447
696.0;404;555;441
702.0;404;556;440
708.0;402;558;440
714.0;406;550;444
720.0;405;546;449
726.0;410;548;442
732.0;410;549;441
738.0;412;544;444
744.0;413;539;448
750.0;413;539;448
756.0;417;536;447
762.0;417;534;449
768.0;416;531;453
774.0;418;534;448
780.0;416;537;447
786.0;417;529;454
792.0;419;530;451
798.0;416;539;445
804.0;415;541;444
810.0;412;546;442
816.0;417;545;438
822.0;420;544;436
828.0;423;540;437
834.0;425;540;435
840.0;422;539;439
846.0;423;534;443
852.0;426;541;433
858.0;425;543;432
864.0;421;537;442
870.0;427;542;431
876.0;427;545;428
882.0;429;547;424
888.0;432;543;425
894.0;435;545;420
900.0;436;546;418
906.0;435;549;416
912.0;437;545;418
918.0;431;552;417
924.0;429;553;418
930.0;429;553;418
936.0;434;551;415
942.0;431;555;414
948.0;434;560;406
954.0;433;565;402
960.0;433;564;403
966.0;435;561;404
972.0;436;558;406
978.0;439;563;398
984.0;440;563;397
990.0;440;560;400
996.0;445;551;404
1002.0;449;548;403
1008.0;453;542;405
1014.0;452;538;410
1020.0;452;540;408
1026.0;452;534;414
1032.0;451;534;415
1038.0;451;531;418
1044.0;449;535;416
1050.0;451;533;416
1056.0;451;536;413
1062.0;451;533;416
1068.0;455;527;418
1074.0;457;525;418
1080.0;453;525;422
1086.0;456;521;423
1092.0;452;521;427
1098.0;448;517;435
1104.0;452;517;431
1110.0;454;512;434
1116.0;458;509;433
1122.0;455;511;434
1128.0;457;508;435
1134.0;457;513;430
1140.0;460;510;430
1146.0;461;512;427
1152.0;459;513;428
1158.0;459;509;432
1164.0;461;507;432
1170.0;460;507;433
1176.0;459;506;435
1182.0;451;508;441
1188.0;452;512;436
1194.0;455;510;435
1200.0;454;513;433
1206.0;448;519;433
1212.0;448;520;432
1218.0;454;525;421
1224.0;452;528;420
1230.0;451;533;416
1236.0;452;532;416
1242.0;451;530;419
1248.0;446;525;429
1254.0;447;522;431
1260.0;449;512;439
1266.0;443;516;441
1272.0;446;517;437
1278.0;443;510;447
1284.0;446;509;445
1290.0;444;513;443
1296.0;443;511;446
1302.0;440;513;447
1308.0;433;518;449
1314.0;437;516;447
1320.0;434;517;449
1326.0;432;520;448
1332.0;427;518;455
1338.0;426;516;458
1344.0;430;512;458
1350.0;433;512;455
1356.0;435;508;457
1362.0;437;500;463
1368.0;429;505;466
1374.0;431;507;462
1380.0;431;499;470
1386.0;432;499;469
1392.0;438;498;464
1398.0;441;497;462
1404.0;443;502;455
1410.0;445;500;455
1416.0;448;508;444
1422.0;450;511;439
1428.0;450;511;439
1434.0;450;516;434
1440.0;451;515;434
1446.0;448;517;435
1452.0;452;520;428
1458.0;449;526;425
1464.0;451;530;419
1470.0;448;536;416
1476.0;452;529;419
1482.0;452;532;416
1488.0;448;535;417
1494.0;447;538;415
1500.0;448;535;417
1506.0;448;532;420
1512.0;450;531;419
1518.0;447;541;412
1524.0;445;537;418
1530.0;447;535;418
1536.0;447;534;419
1542.0;447;529;424
1548.0;448;533;419
1554.0;445;532;423
1560.0;445;539;416
1566.0;445;541;414
1572.0;445;538;417
1578.0;453;537;410
1584.0;457;536;407
1590.0;455;540;405
1596.0;454;540;406
1602.0;453;547;400
1608.0;452;544;404
1614.0;447;543;410
1620.0;446;545;409
1626.0;448;547;405
1632.0;445;543;412
1638.0;449;542;409
1644.0;451;536;413
1650.0;454;537;409
1656.0;455;536;409
1662.0;453;537;410
1668.0;451;538;411
1674.0;451;546;403
1680.0;451;545;404
1686.0;453;539;408
1692.0;459;532;409
1698.0;460;528;412
1704.0;459;529;412
1710.0;453;530;417
1716.0;456;528;416
1722.0;451;535;414
1728.0;451;537;412
1734.0;448;532;420
1740.0;451;531;418
1746.0;446;535;419
1752.0;445;535;420
1758.0;447;532;421
1764.0;444;532;424
1770.0;443;529;428
1776.0;446;529;425
1782.0;443;530;427
1788.0;440;531;429
1794.0;442;532;426
