#auto generated file!
180.0;194;337;369
186.0;195;340;365
192.0;193;347;360
198.0;197;347;356
204.0;196;349;355
210.0;199;353;348
216.0;198;354;348
222.0;195;353;352
228.0;198;349;353
234.0;199;351;350
240.0;199;352;349
246.0;196;361;343
252.0;197;359;344
258.0;201;363;336
264.0;203;367;330
270.0;201;370;329
276.0;203;369;328
282.0;204;377;319
288.0;202;373;325
294.0;202;376;322
300.0;203;375;322
306.0;206;376;318
312.0;209;377;314
318.0;214;377;309
324.0;218;380;302
330.0;217;379;304
336.0;218;380;302
342.0;220;383;297
348.0;225;383;292
354.0;227;383;290
360.0;228;382;290
366.0;228;382;290
372.0;228;383;289
378.0;231;383;286
384.0;235;383;282
390.0;237;380;283
396.0;240;381;279
402.0;241;381;278
408.0;242;375;283
414.0;243;374;283
420.0;244;372;284
426.0;244;373;283
432.0;246;375;279
438.0;242;377;281
444.0;242;379;279
450.0;239;383;278
456.0;238;385;277
462.0;236;386;278
468.0;237;385;278
474.0;234;380;286
480.0;236;376;288
486.0;239;375;286
492.0;240;370;290
498.0;244;365;291
504.0;243;363;294
510.0;245;362;293
516.0;246;362;292
522.0;245;366;289
528.0;246;366;288
534.0;246;368;286
540.0;247;370;283
546.0;249;371;280
552.0;251;363;286
558.0;253;357;290
564.0;255;362;283
570.0;256;361;283
576.0;260;360;280
582.0;259;356;285
588.0;259;360;281
594.0;258;360;282
600.0;259;358;283
606.0;262;357;281
612.0;265;352;283
618.0;261;355;284
624.0;262;351;287
630.0;266;347;287
636.0;266;345;289
642.0;266;348;286
648.0;268;342;290
654.0;267;345;288
660.0;265;350;285
666.0;264;356;280
672.0;264;355;281
678.0;262;357;281
684.0;262;360;278
690.0;264;356;280
696.0;261;353;286
702.0;263;348;289
708.0;267;344;289
714.0;267;344;289
720.0;270;340;290
726.0;272;337;291
732.0;273;336;291
738.0;269;338;293
744.0;271;340;289
750.0;271;345;284
756.0;270;349;281
762.0;269;349;282
768.0;268;351;281
774.0;273;345;282
780.0;272;347;281
786.0;277;346;277
792.0;280;347;273
798.0;282;344;274
804.0;282;344;274
810.0;279;340;281
816.0;284;344;272
822.0;282;347;271
828.0;284;343;273
834.0;279;343;278
840.0;279;340;281
846.0;277;340;283
852.0;279;339;282
858.0;278;341;281
864.0;279;340;281
870.0;278;343;279
876.0;280;343;277
882.0;277;338;285
888.0;277;335;288
894.0;280;337;283
900.0;281;340;279
906.0;281;341;278
912.0;281;341;278
918.0;281;341;278
924.0;281;344;275
930.0;279;343;278
936.0;280;343;277
942.0;277;344;279
948.0;277;342;281
954.0;279;342;279
960.0;283;338;279
966.0;284;335;281
972.0;280;340;280
978.0;279;337;284
984.0;278;339;283
990.0;276;336;288
996.0;277;335;288
1002.0;277;335;288
1008.0;279;338;283
1014.0;278;335;287
1020.0;275;336;289
1026.0;273;337;290
1032.0;267;336;297
1038.0;265;338;297
1044.0;268;340;292
1050.0;268;337;295
1056.0;267;339;294
1062.0;268;339;293
1068.0;267;341;292
1074.0;264;348;288
1080.0;269;344;287
1086.0;266;340;294
1092.0;270;346;284
1098.0;271;340;289
1104.0;267;342;291
1110.0;268;342;290
1116.0;272;337;291
1122.0;271;339;290
1128.0;274;341;285
1134.0;273;341;286
1140.0;277;340;283
1146.0;277;340;283
1152.0;281;339;280
1158.0;279;340;281
1164.0;280;342;278
1170.0;278;340;282
1176.0;280;339;281
1182.0;284;336;280
1188.0;282;333;285
1194.0;282;332;286
1200.0;283;336;281
1206.0;285;336;279
1212.0;283;342;275
1218.0;285;340;275
1224.0;290;342;268
1230.0;291;339;270
1236.0;290;339;271
1242.0;289;343;268
1248.0;287;344;269
1254.0;285;352;263
1260.0;279;357;264
1266.0;280;358;262
1272.0;280;354;266
1278.0;283;349;268
1284.0;280;354;266
1290.0;277;349;274
1296.0;275;352;273
1302.0;278;348;274
1308.0;275;347;278
1314.0;274;349;277
1320.0;272;349;279
1326.0;271;349;280
1332.0;274;350;276
1338.0;271;353;276
1344.0;273;353;274
1350.0;273;353;274
1356.0;272;356;272
1362.0;269;354;277
1368.0;269;351;280
1374.0;274;347;279
1380.0;276;348;276
1386.0;274;346;280
1392.0;279;344;277
1398.0;278;339;283
1404.0;275;338;287
1410.0;278;336;286
1416.0;274;339;287
1422.0;280;337;283
1428.0;281;342;277
1434.0;281;347;272
1440.0;281;350;269
1446.0;285;349;266
1452.0;285;352;263
1458.0;283;353;264
1464.0;284;351;265
1470.0;279;358;263
1476.0;277;362;261
1482.0;277;359;264
1488.0;279;359;262
1494.0;279;361;260
1500.0;280;358;262
1506.0;282;354;264
1512.0;282;353;265
1518.0;283;349;268
1524.0;287;349;264
1530.0;290;346;264
1536.0;289;340;271
1542.0;291;335;274
1548.0;291;337;272
1554.0;291;341;268
1560.0;291;340;269
1566.0;291;338;271
1572.0;293;336;271
1578.0;291;331;278
1584.0;291;332;277
1590.0;288;333;279
1596.0;286;332;282
1602.0;287;334;279
1608.0;285;334;281
1614.0;283;337;280
1620.0;283;339;278
1626.0;280;343;277
1632.0;285;343;272
1638.0;285;345;270
1644.0;287;345;268
1650.0;290;346;264
1656.0;289;348;263
1662.0;293;345;262
1668.0;293;343;264
1674.0;291;346;263
1680.0;287;348;265
1686.0;287;349;264
1692.0;285;352;263
1698.0;289;352;259
1704.0;287;354;259
1710.0;283;357;260
1716.0;282;356;262
1722.0;282;352;266
1728.0;278;358;264
1734.0;281;361;258
1740.0;282;359;259
1746.0;284;358;258
1752.0;281;359;260
1758.0;285;357;258
1764.0;283;364;253
1770.0;283;363;254
1776.0;280;363;257
1782.0;281;361;258
1788.0;285;362;253
1794.0;284;361;255
