#auto generated file!
180.0;50;77;73
186.0;50;75;75
192.0;52;71;77
198.0;52;71;77
204.0;50;73;77
210.0;51;75;74
216.0;51;77;72
222.0;53;77;70
228.0;52;78;70
234.0;53;78;69
240.0;53;79;68
246.0;53;80;67
252.0;53;78;69
258.0;52;79;69
264.0;52;81;67
270.0;52;81;67
276.0;52;80;68
282.0;52;79;69
288.0;53;77;70
294.0;53;77;70
300.0;52;78;70
306.0;52;78;70
312.0;50;79;71
318.0;50;80;70
324.0;49;83;68
330.0;49;84;67
336.0;49;82;69
342.0;49;84;67
348.0;48;84;68
354.0;49;83;68
360.0;49;83;68
366.0;49;82;69
372.0;49;77;74
378.0;50;77;73
384.0;51;77;72
390.0;52;77;71
396.0;54;78;68
402.0;56;81;63
408.0;56;81;63
414.0;56;81;63
420.0;57;80;63
426.0;56;82;62
432.0;56;82;62
438.0;57;82;61
444.0;54;83;63
450.0;55;84;61
456.0;56;84;60
462.0;57;84;59
468.0;58;85;57
474.0;58;85;57
480.0;57;85;58
486.0;57;86;57
492.0;56;87;57
498.0;55;86;59
504.0;54;87;59
510.0;54;85;61
516.0;54;86;60
522.0;55;84;61
528.0;56;85;59
534.0;57;84;59
540.0;56;86;58
546.0;55;84;61
552.0;54;84;62
558.0;55;84;61
564.0;56;83;61
570.0;56;83;61
576.0;57;84;59
582.0;57;84;59
588.0;57;84;59
594.0;57;83;60
600.0;57;84;59
606.0;58;82;60
612.0;56;84;60
618.0;54;84;62
624.0;55;82;63
630.0;57;80;63
636.0;57;81;62
642.0;53;85;62
648.0;53;85;62
654.0;53;84;63
660.0;50;86;64
666.0;50;87;63
672.0;51;85;64
678.0;55;85;60
684.0;54;86;60
690.0;53;86;61
696.0;53;88;59
702.0;53;89;58
708.0;54;88;58
714.0;54;88;58
720.0;55;89;56
726.0;54;90;56
732.0;55;89;56
738.0;58;88;54
744.0;59;85;56
750.0;59;85;56
756.0;59;84;57
762.0;58;83;59
768.0;57;85;58
774.0;57;85;58
780.0;56;86;58
786.0;56;86;58
792.0;56;85;59
798.0;56;84;60
804.0;56;82;62
810.0;55;80;65
816.0;56;79;65
822.0;57;81;62
828.0;57;82;61
834.0;56;82;62
840.0;58;82;60
846.0;58;83;59
852.0;58;80;62
858.0;59;81;60
864.0;60;82;58
870.0;61;81;58
876.0;61;80;59
882.0;61;80;59
888.0;63;80;57
894.0;62;81;57
900.0;62;79;59
906.0;61;80;59
912.0;64;79;57
918.0;61;82;57
924.0;61;83;56
930.0;61;83;56
936.0;62;84;54
942.0;63;84;53
948.0;62;85;53
954.0;62;84;54
960.0;61;85;54
966.0;61;87;52
972.0;61;88;51
978.0;62;88;50
984.0;63;87;50
990.0;63;90;47
996.0;64;89;47
1002.0;65;85;50
1008.0;66;85;49
1014.0;65;82;53
1020.0;66;79;55
1026.0;65;80;55
1032.0;67;77;56
1038.0;67;75;58
1044.0;67;74;59
1050.0;67;73;60
1056.0;67;73;60
1062.0;67;73;60
1068.0;66;74;60
1074.0;68;75;57
1080.0;67;76;57
1086.0;64;78;58
1092.0;66;79;55
1098.0;64;82;54
1104.0;64;83;53
1110.0;64;83;53
1116.0;65;83;52
1122.0;66;81;53
1128.0;65;83;52
1134.0;68;82;50
1140.0;65;81;54
1146.0;65;80;55
1152.0;66;80;54
1158.0;67;82;51
1164.0;66;83;51
1170.0;64;84;52
1176.0;64;84;52
1182.0;63;83;54
1188.0;63;83;54
1194.0;65;80;55
1200.0;65;78;57
1206.0;65;80;55
1212.0;64;81;55
1218.0;66;82;52
1224.0;65;81;54
1230.0;66;81;53
1236.0;66;82;52
1242.0;66;81;53
1248.0;66;79;55
1254.0;67;77;56
1260.0;63;80;57
1266.0;64;80;56
1272.0;64;80;56
1278.0;65;80;55
1284.0;66;79;55
1290.0;65;80;55
1296.0;64;77;59
1302.0;66;76;58
1308.0;68;76;56
1314.0;66;74;60
1320.0;65;75;60
1326.0;64;74;62
1332.0;63;74;63
1338.0;63;76;61
1344.0;65;74;61
1350.0;64;75;61
1356.0;64;72;64
1362.0;65;72;63
1368.0;64;75;61
1374.0;66;75;59
1380.0;67;73;60
1386.0;66;74;60
1392.0;66;74;60
1398.0;67;75;58
1404.0;65;75;60
1410.0;63;77;60
1416.0;62;76;62
1422.0;62;78;60
1428.0;64;78;58
1434.0;62;78;60
1440.0;61;79;60
1446.0;61;81;58
1452.0;62;78;60
1458.0;63;79;58
1464.0;63;79;58
1470.0;66;76;58
1476.0;67;75;58
1482.0;67;79;54
1488.0;67;81;52
1494.0;66;81;53
1500.0;66;81;53
1506.0;65;84;51
1512.0;65;85;50
1518.0;64;86;50
1524.0;64;85;51
1530.0;63;88;49
1536.0;62;89;49
1542.0;63;89;48
1548.0;63;87;50
1554.0;62;88;50
1560.0;60;87;53
1566.0;61;88;51
1572.0;61;88;51
1578.0;60;88;52
1584.0;60;87;53
1590.0;59;86;55
1596.0;59;87;54
1602.0;60;86;54
1608.0;60;86;54
1614.0;61;84;55
1620.0;61;87;52
1626.0;61;86;53
1632.0;61;88;51
1638.0;60;90;50
1644.0;60;90;50
1650.0;59;89;52
1656.0;62;87;51
1662.0;61;88;51
1668.0;61;89;50
1674.0;61;89;50
1680.0;61;89;50
1686.0;61;90;49
1692.0;60;90;50
1698.0;60;90;50
1704.0;57;92;51
1710.0;58;92;50
1716.0;58;92;50
1722.0;58;91;51
1728.0;57;92;51
1734.0;58;91;51
1740.0;57;92;51
1746.0;56;92;52
1752.0;56;91;53
1758.0;55;92;53
1764.0;53;91;56
1770.0;57;90;53
1776.0;59;90;51
1782.0;58;92;50
1788.0;58;92;50
1794.0;59;94;47
