#auto generated file!
180.0;284;508;508
186.0;286;518;496
192.0;290;517;493
198.0;297;518;485
204.0;297;522;481
210.0;295;520;485
216.0;294;525;481
222.0;293;523;484
228.0;291;526;483
234.0;292;524;484
240.0;297;526;477
246.0;295;529;476
252.0;301;531;468
258.0;299;532;469
264.0;304;526;470
270.0;308;530;462
276.0;307;537;456
282.0;311;537;452
288.0;310;538;452
294.0;308;542;450
300.0;308;537;455
306.0;307;534;459
312.0;306;534;460
318.0;311;531;458
324.0;314;528;458
330.0;312;528;460
336.0;317;527;456
342.0;317;531;452
348.0;315;528;457
354.0;317;522;461
360.0;323;523;454
366.0;321;526;453
372.0;321;517;462
378.0;319;518;463
384.0;325;518;457
390.0;323;520;457
396.0;323;521;456
402.0;325;519;456
408.0;327;520;453
414.0;327;526;447
420.0;331;530;439
426.0;332;524;444
432.0;332;519;449
438.0;334;517;449
444.0;336;525;439
450.0;334;524;442
456.0;331;523;446
462.0;334;518;448
468.0;337;516;447
474.0;342;515;443
480.0;342;513;445
486.0;352;504;444
492.0;351;510;439
498.0;349;510;441
504.0;352;509;439
510.0;354;508;438
516.0;352;506;442
522.0;352;511;437
528.0;356;512;432
534.0;356;514;430
540.0;357;517;426
546.0;360;516;424
552.0;358;520;422
558.0;354;524;422
564.0;356;524;420
570.0;358;525;417
576.0;357;508;435
582.0;361;507;432
588.0;365;497;438
594.0;361;503;436
600.0;362;502;436
606.0;364;491;445
612.0;365;491;444
618.0;364;492;444
624.0;362;492;446
630.0;361;490;449
636.0;362;491;447
642.0;363;493;444
648.0;364;499;437
654.0;363;497;440
660.0;364;497;439
666.0;363;500;437
672.0;367;502;431
678.0;366;506;428
684.0;366;505;429
690.0;365;509;426
696.0;367;508;425
702.0;370;509;421
708.0;371;510;419
714.0;376;511;413
720.0;378;514;408
726.0;377;519;404
732.0;374;520;406
738.0;372;528;400
744.0;373;532;395
750.0;369;533;398
756.0;372;538;390
762.0;372;538;390
768.0;375;534;391
774.0;377;532;391
780.0;385;529;386
786.0;384;534;382
792.0;386;540;374
798.0;382;543;375
804.0;378;548;374
810.0;376;554;370
816.0;372;559;369
822.0;374;555;371
828.0;374;553;373
834.0;371;553;376
840.0;372;555;373
846.0;371;544;385
852.0;371;545;384
858.0;371;545;384
864.0;368;537;395
870.0;362;541;397
876.0;360;542;398
882.0;363;542;395
888.0;367;543;390
894.0;370;544;386
900.0;369;536;395
906.0;364;543;393
912.0;364;536;400
918.0;366;534;400
924.0;367;538;395
930.0;365;544;391
936.0;370;538;392
942.0;374;528;398
948.0;372;530;398
954.0;373;529;398
960.0;375;534;391
966.0;374;529;397
972.0;373;536;391
978.0;366;540;394
984.0;366;536;398
990.0;365;533;402
996.0;366;535;399
1002.0;369;531;400
1008.0;372;530;398
1014.0;371;532;397
1020.0;368;534;398
1026.0;370;532;398
1032.0;378;528;394
1038.0;383;529;388
1044.0;378;524;398
1050.0;375;527;398
1056.0;371;532;397
1062.0;373;529;398
1068.0;373;526;401
1074.0;369;525;406
1080.0;368;519;413
1086.0;369;513;418
1092.0;371;519;410
1098.0;372;513;415
1104.0;379;513;408
1110.0;378;513;409
1116.0;381;514;405
1122.0;385;515;400
1128.0;382;510;408
1134.0;386;511;403
1140.0;393;511;396
1146.0;392;510;398
1152.0;395;509;396
1158.0;394;513;393
1164.0;389;512;399
1170.0;390;505;405
1176.0;391;504;405
1182.0;391;504;405
1188.0;390;500;410
1194.0;387;501;412
1200.0;382;507;411
1206.0;380;511;409
1212.0;381;515;404
1218.0;381;515;404
1224.0;378;514;408
1230.0;376;517;407
1236.0;379;515;406
1242.0;384;519;397
1248.0;388;516;396
1254.0;387;512;401
1260.0;393;515;392
1266.0;396;513;391
1272.0;396;518;386
1278.0;395;515;390
1284.0;401;515;384
1290.0;399;520;381
1296.0;395;519;386
1302.0;392;523;385
1308.0;399;516;385
1314.0;396;519;385
1320.0;396;518;386
1326.0;402;520;378
1332.0;398;525;377
1338.0;394;526;380
1344.0;392;525;383
1350.0;394;530;376
1356.0;389;536;375
1362.0;392;527;381
1368.0;388;523;389
1374.0;392;521;387
1380.0;398;522;380
1386.0;398;518;384
1392.0;402;519;379
1398.0;402;516;382
1404.0;402;515;383
1410.0;406;518;376
1416.0;403;516;381
1422.0;405;514;381
1428.0;410;505;385
1434.0;411;503;386
1440.0;406;498;396
1446.0;405;500;395
1452.0;410;501;389
1458.0;412;500;388
1464.0;410;498;392
1470.0;408;500;392
1476.0;411;496;393
1482.0;411;493;396
1488.0;411;495;394
1494.0;415;494;391
1500.0;419;494;387
1506.0;418;490;392
1512.0;414;490;396
1518.0;412;483;405
1524.0;415;480;405
1530.0;414;478;408
1536.0;418;483;399
1542.0;424;483;393
1548.0;417;487;396
1554.0;418;495;387
1560.0;417;497;386
1566.0;415;489;396
1572.0;419;491;390
1578.0;414;494;392
1584.0;417;489;394
1590.0;418;489;393
1596.0;424;488;388
1602.0;426;487;387
1608.0;432;478;390
1614.0;429;476;395
1620.0;434;472;394
1626.0;431;470;399
1632.0;432;476;392
1638.0;433;473;394
1644.0;427;478;395
1650.0;425;479;396
1656.0;429;475;396
1662.0;431;476;393
1668.0;428;478;394
1674.0;424;472;404
1680.0;424;472;404
1686.0;425;472;403
1692.0;429;469;402
1698.0;433;467;400
1704.0;430;469;401
1710.0;429;469;402
1716.0;429;466;405
1722.0;429;461;410
1728.0;425;464;411
1734.0;422;466;412
1740.0;424;470;406
1746.0;423;476;401
1752.0;423;474;403
1758.0;426;468;406
1764.0;423;471;406
1770.0;424;466;410
1776.0;427;465;408
1782.0;426;468;406
1788.0;429;473;398
1794.0;429;475;396
