#auto generated file!
180.0;70;116;114
186.0;70;112;118
192.0;70;109;121
198.0;71;111;118
204.0;73;111;116
210.0;74;114;112
216.0;74;113;113
222.0;75;113;112
228.0;76;115;109
234.0;78;109;113
240.0;75;111;114
246.0;74;113;113
252.0;75;110;115
258.0;75;110;115
264.0;75;112;113
270.0;75;111;114
276.0;76;111;113
282.0;78;109;113
288.0;78;111;111
294.0;79;112;109
300.0;75;114;111
306.0;74;114;112
312.0;75;114;111
318.0;74;114;112
324.0;74;113;113
330.0;75;112;113
336.0;74;112;114
342.0;74;110;116
348.0;76;110;114
354.0;79;110;111
360.0;82;108;110
366.0;81;108;111
372.0;80;107;113
378.0;79;108;113
384.0;76;108;116
390.0;76;107;117
396.0;74;106;120
402.0;76;106;118
408.0;76;107;117
414.0;76;106;118
420.0;75;105;120
426.0;75;107;118
432.0;75;108;117
438.0;76;110;114
444.0;79;109;112
450.0;81;111;108
456.0;84;112;104
462.0;82;112;106
468.0;81;113;106
474.0;82;113;105
480.0;85;112;103
486.0;87;112;101
492.0;87;111;102
498.0;86;110;104
504.0;84;108;108
510.0;85;110;105
516.0;83;110;107
522.0;82;110;108
528.0;80;111;109
534.0;80;112;108
540.0;81;113;106
546.0;82;112;106
552.0;81;114;105
558.0;82;115;103
564.0;81;113;106
570.0;82;114;104
576.0;85;111;104
582.0;87;111;102
588.0;87;111;102
594.0;89;108;103
600.0;89;112;99
606.0;88;115;97
612.0;85;117;98
618.0;85;119;96
624.0;86;117;97
630.0;88;115;97
636.0;89;119;92
642.0;90;117;93
648.0;92;118;90
654.0;93;115;92
660.0;92;116;92
666.0;93;116;91
672.0;95;116;89
678.0;92;117;91
684.0;90;119;91
690.0;89;121;90
696.0;89;119;92
702.0;90;118;92
708.0;92;120;88
714.0;95;124;81
720.0;96;121;83
726.0;95;122;83
732.0;93;123;84
738.0;92;124;84
744.0;92;121;87
750.0;91;123;86
756.0;91;119;90
762.0;92;117;91
768.0;92;115;93
774.0;93;117;90
780.0;91;117;92
786.0;91;118;91
792.0;92;117;91
798.0;94;117;89
804.0;93;118;89
810.0;95;117;88
816.0;96;115;89
822.0;98;113;89
828.0;99;115;86
834.0;102;112;86
840.0;98;113;89
846.0;99;113;88
852.0;98;111;91
858.0;99;110;91
864.0;97;112;91
870.0;96;111;93
876.0;98;110;92
882.0;100;112;88
888.0;100;114;86
894.0;102;115;83
900.0;101;119;80
906.0;103;119;78
912.0;101;117;82
918.0;99;117;84
924.0;97;115;88
930.0;97;115;88
936.0;94;116;90
942.0;95;115;90
948.0;91;115;94
954.0;90;116;94
960.0;91;114;95
966.0;90;114;96
972.0;90;115;95
978.0;90;120;90
984.0;89;119;92
990.0;92;117;91
996.0;94;114;92
1002.0;94;116;90
1008.0;94;114;92
1014.0;91;115;94
1020.0;87;114;99
1026.0;87;114;99
1032.0;87;114;99
1038.0;87;114;99
1044.0;88;114;98
1050.0;89;113;98
1056.0;89;110;101
1062.0;91;111;98
1068.0;87;111;102
1074.0;88;111;101
1080.0;88;112;100
1086.0;87;115;98
1092.0;86;115;99
1098.0;85;115;100
1104.0;85;114;101
1110.0;87;111;102
1116.0;88;112;100
1122.0;87;112;101
1128.0;87;112;101
1134.0;86;109;105
1140.0;86;110;104
1146.0;85;114;101
1152.0;83;111;106
1158.0;83;107;110
1164.0;84;108;108
1170.0;85;110;105
1176.0;85;107;108
1182.0;84;107;109
1188.0;82;108;110
1194.0;82;110;108
1200.0;81;109;110
1206.0;81;110;109
1212.0;79;109;112
1218.0;80;110;110
1224.0;81;110;109
1230.0;81;107;112
1236.0;81;106;113
1242.0;80;106;114
1248.0;82;104;114
1254.0;82;104;114
1260.0;83;104;113
1266.0;83;105;112
1272.0;84;105;111
1278.0;85;103;112
1284.0;85;102;113
1290.0;86;103;111
1296.0;88;104;108
1302.0;87;106;107
1308.0;86;108;106
1314.0;87;111;102
1320.0;87;113;100
1326.0;86;113;101
1332.0;87;109;104
1338.0;88;110;102
1344.0;89;106;105
1350.0;90;107;103
1356.0;90;109;101
1362.0;91;109;100
1368.0;92;107;101
1374.0;91;108;101
1380.0;91;105;104
1386.0;93;104;103
1392.0;92;107;101
1398.0;92;108;100
1404.0;92;107;101
1410.0;91;106;103
1416.0;91;107;102
1422.0;93;105;102
1428.0;95;108;97
1434.0;94;108;98
1440.0;97;108;95
1446.0;98;109;93
1452.0;96;110;94
1458.0;95;110;95
1464.0;96;110;94
1470.0;97;109;94
1476.0;98;108;94
1482.0;97;107;96
1488.0;99;108;93
1494.0;101;107;92
1500.0;100;109;91
1506.0;99;111;90
1512.0;99;111;90
1518.0;98;110;92
1524.0;97;111;92
1530.0;98;113;89
1536.0;100;114;86
1542.0;100;114;86
1548.0;101;112;87
1554.0;99;112;89
1560.0;101;110;89
1566.0;99;108;93
1572.0;99;106;95
1578.0;97;107;96
1584.0;97;108;95
1590.0;96;109;95
1596.0;96;110;94
1602.0;94;111;95
1608.0;91;113;96
1614.0;92;112;96
1620.0;91;111;98
1626.0;87;111;102
1632.0;87;110;103
1638.0;86;110;104
1644.0;85;112;103
1650.0;86;113;101
1656.0;87;114;99
1662.0;89;111;100
1668.0;90;109;101
1674.0;91;105;104
1680.0;93;105;102
1686.0;94;106;100
1692.0;94;107;99
1698.0;94;106;100
1704.0;95;105;100
1710.0;94;107;99
1716.0;95;108;97
1722.0;94;108;98
1728.0;93;109;98
1734.0;92;109;99
1740.0;93;108;99
1746.0;93;109;98
1752.0;91;111;98
1758.0;89;111;100
1764.0;86;111;103
1770.0;84;113;103
1776.0;82;114;104
1782.0;82;113;105
1788.0;85;112;103
1794.0;87;113;100
